[2017-12-23T10:28:28.697] [INFO] appenders - 数据抓取结束:
[2017-12-23T10:33:55.289] [INFO] appenders - 开始抓取:http://so.gushiwen.org/guwen/book_2.aspx
[2017-12-23T10:33:55.568] [INFO] appenders - 论语数据抓取结束,开始保存...
[2017-12-23T10:33:55.858] [INFO] appenders - 当前数据库已保存0
[2017-12-23T10:34:01.576] [INFO] appenders - 数据保存成功!bookName:论语dbName: guwenbook20
[2017-12-23T10:34:01.579] [INFO] appenders - 开始抓取:http://so.gushiwen.org/guwen/book_4.aspx
[2017-12-23T10:34:01.664] [INFO] appenders - 三十六计数据抓取结束,开始保存...
[2017-12-23T10:34:01.915] [INFO] appenders - 当前数据库已保存1
[2017-12-23T10:34:12.210] [INFO] appenders - 数据保存成功!bookName:三十六计dbName: guwenbook21
[2017-12-23T10:34:12.214] [INFO] appenders - 开始抓取:http://so.gushiwen.org/guwen/book_1.aspx
[2017-12-23T10:34:12.296] [INFO] appenders - 山海经数据抓取结束,开始保存...
[2017-12-23T10:34:12.567] [INFO] appenders - 当前数据库已保存2
[2017-12-23T10:34:17.011] [INFO] appenders - 数据保存成功!bookName:山海经dbName: guwenbook23
[2017-12-23T10:34:17.014] [INFO] appenders - 开始抓取:http://so.gushiwen.org/guwen/book_5.aspx
[2017-12-23T10:34:17.436] [INFO] appenders - 史记数据抓取结束,开始保存...
[2017-12-23T10:34:18.087] [INFO] appenders - 当前数据库已保存3
[2017-12-23T10:36:22.109] [INFO] appenders - 开始抓取:http://so.gushiwen.org/guwen/book_2.aspx
[2017-12-23T10:36:22.285] [INFO] appenders - 论语数据抓取结束,开始保存...
[2017-12-23T10:36:22.763] [INFO] appenders - 当前数据库已保存4
[2017-12-23T10:36:22.764] [WARN] appenders - 抓取数据与数据库保存数据默认条数相同，默认已存在，执行下一条数据。bookName:论语dbName: guwenbook20
[2017-12-23T10:36:22.765] [INFO] appenders - 开始抓取:http://so.gushiwen.org/guwen/book_4.aspx
[2017-12-23T10:36:22.867] [INFO] appenders - 三十六计数据抓取结束,开始保存...
[2017-12-23T10:36:23.157] [INFO] appenders - 当前数据库已保存4
[2017-12-23T10:36:23.158] [WARN] appenders - 抓取数据与数据库保存数据默认条数相同，默认已存在，执行下一条数据。bookName:三十六计dbName: guwenbook21
[2017-12-23T10:36:23.159] [INFO] appenders - 开始抓取:http://so.gushiwen.org/guwen/book_1.aspx
[2017-12-23T10:36:23.302] [INFO] appenders - 山海经数据抓取结束,开始保存...
[2017-12-23T10:36:23.595] [INFO] appenders - 当前数据库已保存4
[2017-12-23T10:36:23.596] [WARN] appenders - 抓取数据与数据库保存数据默认条数相同，默认已存在，执行下一条数据。bookName:山海经dbName: guwenbook23
[2017-12-23T10:36:23.597] [INFO] appenders - 开始抓取:http://so.gushiwen.org/guwen/book_5.aspx
[2017-12-23T10:36:23.764] [INFO] appenders - 史记数据抓取结束,开始保存...
[2017-12-23T10:36:24.060] [INFO] appenders - 当前数据库已保存4
[2017-12-23T10:36:24.061] [INFO] appenders - 当前爬虫自动休眠1147.9436544341324ms
[2017-12-23T10:36:50.857] [INFO] appenders - 数据保存成功!bookName:史记dbName: guwenbook22
[2017-12-23T10:36:50.860] [INFO] appenders - 开始抓取:http://so.gushiwen.org/guwen/book_3.aspx
[2017-12-23T10:36:50.960] [INFO] appenders - 孙子兵法数据抓取结束,开始保存...
[2017-12-23T10:36:51.352] [INFO] appenders - 当前数据库已保存4
[2017-12-23T10:36:51.353] [INFO] appenders - 当前爬虫自动休眠1230.2285430645034ms
[2017-12-23T10:37:28.419] [INFO] appenders - 数据保存成功!bookName:孙子兵法dbName: guwenbook24
[2017-12-23T10:37:28.422] [INFO] appenders - 开始抓取:http://so.gushiwen.org/guwen/book_28.aspx
[2017-12-23T10:37:28.513] [INFO] appenders - 老子数据抓取结束,开始保存...
[2017-12-23T10:37:28.799] [INFO] appenders - 当前数据库已保存5
[2017-12-23T10:37:28.801] [INFO] appenders - 当前爬虫自动休眠1288.6323990191727ms
[2017-12-23T10:37:43.543] [INFO] appenders - 数据保存成功!bookName:老子dbName: guwenbook26
[2017-12-23T10:37:43.546] [INFO] appenders - 开始抓取:http://so.gushiwen.org/guwen/book_6.aspx
[2017-12-23T10:37:43.629] [INFO] appenders - 周易数据抓取结束,开始保存...
[2017-12-23T10:37:43.911] [INFO] appenders - 当前数据库已保存6
[2017-12-23T10:37:43.913] [INFO] appenders - 当前爬虫自动休眠1494.370127175719ms
